#-----------------------------------------------------------
# Vivado v2015.4 (64-bit)
# SW Build 1412921 on Wed Nov 18 09:43:45 MST 2015
# IP Build 1412160 on Tue Nov 17 13:47:24 MST 2015
# Start of session at: Sat Dec 10 14:01:44 2016
# Process ID: 3772
# Current directory: F:/AX7020/vivado_project/02_HDMI_output_test
# Command line: vivado.exe -gui_launcher_event rodinguilauncherevent10656 F:\AX7020\vivado_project\02_HDMI_output_test\HDMI_output_test.xpr
# Log file: F:/AX7020/vivado_project/02_HDMI_output_test/vivado.log
# Journal file: F:/AX7020/vivado_project/02_HDMI_output_test\vivado.jou
#-----------------------------------------------------------
start_gui
open_project F:/AX7020/vivado_project/02_HDMI_output_test/HDMI_output_test.xpr
Scanning sources...
Finished scanning sources
INFO: [IP_Flow 19-234] Refreshing IP repositories
INFO: [IP_Flow 19-1704] No user IP repositories specified
INFO: [IP_Flow 19-2313] Loaded Vivado IP repository 'E:/Xilinx/Vivado/2015.4/data/ip'.
exit
INFO: [Common 17-206] Exiting Vivado at Sat Dec 10 14:01:56 2016...
